<?xml version="1.0" encoding="UTF-8"?>
<coverage generated="1521174518366" clover="3.2.0">
  <project timestamp="1521174518366" name="All files">
    <metrics statements="210" coveredstatements="179" conditionals="45" coveredconditionals="23" methods="39" coveredmethods="28" elements="294" coveredelements="230" complexity="0" loc="210" ncloc="210" packages="9" files="22" classes="22">
      <package name="src">
        <metrics statements="26" coveredstatements="25" conditionals="0" coveredconditionals="0" methods="2" coveredmethods="1"/>
        <file name="app.ts" path="/Users/suphaphong/superscores-ts/src/app.ts">
          <metrics statements="26" coveredstatements="25" conditionals="0" coveredconditionals="0" methods="2" coveredmethods="1"/>
          <line num="1" count="2" type="stmt"/>
          <line num="2" count="2" type="stmt"/>
          <line num="3" count="2" type="stmt"/>
          <line num="4" count="2" type="stmt"/>
          <line num="5" count="2" type="stmt"/>
          <line num="7" count="2" type="stmt"/>
          <line num="8" count="2" type="stmt"/>
          <line num="9" count="2" type="stmt"/>
          <line num="10" count="2" type="stmt"/>
          <line num="12" count="2" type="stmt"/>
          <line num="14" count="2" type="stmt"/>
          <line num="15" count="2" type="stmt"/>
          <line num="16" count="2" type="stmt"/>
          <line num="24" count="2" type="stmt"/>
          <line num="25" count="2" type="stmt"/>
          <line num="27" count="2" type="stmt"/>
          <line num="28" count="2" type="stmt"/>
          <line num="29" count="2" type="stmt"/>
          <line num="30" count="2" type="stmt"/>
          <line num="31" count="2" type="stmt"/>
          <line num="32" count="2" type="stmt"/>
          <line num="33" count="2" type="stmt"/>
          <line num="34" count="2" type="stmt"/>
          <line num="35" count="2" type="stmt"/>
          <line num="64" count="0" type="stmt"/>
          <line num="68" count="2" type="stmt"/>
        </file>
      </package>
      <package name="src.configuration">
        <metrics statements="27" coveredstatements="23" conditionals="7" coveredconditionals="4" methods="0" coveredmethods="0"/>
        <file name="configuration-beta.ts" path="/Users/suphaphong/superscores-ts/src/configuration/configuration-beta.ts">
          <metrics statements="2" coveredstatements="2" conditionals="0" coveredconditionals="0" methods="0" coveredmethods="0"/>
          <line num="3" count="2" type="stmt"/>
          <line num="14" count="2" type="stmt"/>
        </file>
        <file name="configuration-common.ts" path="/Users/suphaphong/superscores-ts/src/configuration/configuration-common.ts">
          <metrics statements="2" coveredstatements="2" conditionals="0" coveredconditionals="0" methods="0" coveredmethods="0"/>
          <line num="3" count="2" type="stmt"/>
          <line num="7" count="2" type="stmt"/>
        </file>
        <file name="configuration-local.ts" path="/Users/suphaphong/superscores-ts/src/configuration/configuration-local.ts">
          <metrics statements="2" coveredstatements="2" conditionals="0" coveredconditionals="0" methods="0" coveredmethods="0"/>
          <line num="3" count="2" type="stmt"/>
          <line num="14" count="2" type="stmt"/>
        </file>
        <file name="configuration-production.ts" path="/Users/suphaphong/superscores-ts/src/configuration/configuration-production.ts">
          <metrics statements="2" coveredstatements="2" conditionals="0" coveredconditionals="0" methods="0" coveredmethods="0"/>
          <line num="3" count="2" type="stmt"/>
          <line num="14" count="2" type="stmt"/>
        </file>
        <file name="environment.ts" path="/Users/suphaphong/superscores-ts/src/configuration/environment.ts">
          <metrics statements="5" coveredstatements="5" conditionals="0" coveredconditionals="0" methods="0" coveredmethods="0"/>
          <line num="2" count="2" type="stmt"/>
          <line num="3" count="2" type="stmt"/>
          <line num="4" count="2" type="stmt"/>
          <line num="7" count="2" type="stmt"/>
          <line num="8" count="2" type="stmt"/>
        </file>
        <file name="index.ts" path="/Users/suphaphong/superscores-ts/src/configuration/index.ts">
          <metrics statements="14" coveredstatements="10" conditionals="7" coveredconditionals="4" methods="0" coveredmethods="0"/>
          <line num="1" count="2" type="stmt"/>
          <line num="2" count="2" type="stmt"/>
          <line num="3" count="2" type="stmt"/>
          <line num="4" count="2" type="stmt"/>
          <line num="5" count="2" type="stmt"/>
          <line num="8" count="2" type="cond" truecount="1" falsecount="1"/>
          <line num="9" count="2" type="cond" truecount="2" falsecount="0"/>
          <line num="13" count="2" type="stmt"/>
          <line num="15" count="0" type="stmt"/>
          <line num="16" count="0" type="stmt"/>
          <line num="18" count="0" type="stmt"/>
          <line num="19" count="0" type="stmt"/>
          <line num="21" count="2" type="stmt"/>
          <line num="24" count="2" type="stmt"/>
        </file>
      </package>
      <package name="src.controller">
        <metrics statements="33" coveredstatements="22" conditionals="18" coveredconditionals="6" methods="9" coveredmethods="4"/>
        <file name="base.ts" path="/Users/suphaphong/superscores-ts/src/controller/base.ts">
          <metrics statements="29" coveredstatements="18" conditionals="18" coveredconditionals="6" methods="8" coveredmethods="3"/>
          <line num="2" count="2" type="stmt"/>
          <line num="4" count="2" type="stmt"/>
          <line num="9" count="2" type="stmt"/>
          <line num="10" count="2" type="stmt"/>
          <line num="11" count="2" type="stmt"/>
          <line num="13" count="2" type="stmt"/>
          <line num="14" count="0" type="stmt"/>
          <line num="17" count="2" type="stmt"/>
          <line num="18" count="0" type="stmt"/>
          <line num="21" count="2" type="stmt"/>
          <line num="22" count="0" type="cond" truecount="0" falsecount="2"/>
          <line num="23" count="0" type="stmt"/>
          <line num="25" count="0" type="stmt"/>
          <line num="26" count="0" type="cond" truecount="0" falsecount="2"/>
          <line num="30" count="2" type="stmt"/>
          <line num="31" count="0" type="cond" truecount="0" falsecount="2"/>
          <line num="34" count="2" type="stmt"/>
          <line num="35" count="2" type="stmt"/>
          <line num="38" count="2" type="stmt"/>
          <line num="40" count="2" type="cond" truecount="3" falsecount="1"/>
          <line num="42" count="2" type="cond" truecount="3" falsecount="1"/>
          <line num="43" count="2" type="stmt"/>
          <line num="44" count="2" type="stmt"/>
          <line num="46" count="2" type="stmt"/>
          <line num="47" count="0" type="stmt"/>
          <line num="48" count="0" type="cond" truecount="0" falsecount="4"/>
          <line num="49" count="0" type="stmt"/>
          <line num="51" count="0" type="stmt"/>
          <line num="89" count="2" type="stmt"/>
        </file>
        <file name="index.ts" path="/Users/suphaphong/superscores-ts/src/controller/index.ts">
          <metrics statements="4" coveredstatements="4" conditionals="0" coveredconditionals="0" methods="1" coveredmethods="1"/>
          <line num="2" count="2" type="stmt"/>
          <line num="4" count="2" type="stmt"/>
          <line num="5" count="2" type="stmt"/>
          <line num="7" count="2" type="stmt"/>
        </file>
      </package>
      <package name="src.controller.v1.0">
        <metrics statements="41" coveredstatements="41" conditionals="8" coveredconditionals="7" methods="9" coveredmethods="9"/>
        <file name="home.ts" path="/Users/suphaphong/superscores-ts/src/controller/v1.0/home.ts">
          <metrics statements="14" coveredstatements="14" conditionals="3" coveredconditionals="3" methods="4" coveredmethods="4"/>
          <line num="1" count="2" type="stmt"/>
          <line num="3" count="2" type="stmt"/>
          <line num="4" count="2" type="stmt"/>
          <line num="6" count="2" type="cond" truecount="3" falsecount="0"/>
          <line num="7" count="2" type="stmt"/>
          <line num="8" count="2" type="stmt"/>
          <line num="9" count="1" type="stmt"/>
          <line num="10" count="1" type="stmt"/>
          <line num="11" count="1" type="stmt"/>
          <line num="14" count="2" type="stmt"/>
          <line num="15" count="4" type="stmt"/>
          <line num="17" count="4" type="stmt"/>
          <line num="19" count="4" type="stmt"/>
          <line num="21" count="2" type="stmt"/>
        </file>
        <file name="index.ts" path="/Users/suphaphong/superscores-ts/src/controller/v1.0/index.ts">
          <metrics statements="11" coveredstatements="11" conditionals="0" coveredconditionals="0" methods="1" coveredmethods="1"/>
          <line num="2" count="2" type="stmt"/>
          <line num="3" count="2" type="stmt"/>
          <line num="4" count="2" type="stmt"/>
          <line num="5" count="2" type="stmt"/>
          <line num="13" count="2" type="stmt"/>
          <line num="14" count="4" type="stmt"/>
          <line num="15" count="4" type="stmt"/>
          <line num="16" count="4" type="stmt"/>
          <line num="17" count="4" type="stmt"/>
          <line num="18" count="4" type="stmt"/>
          <line num="19" count="4" type="stmt"/>
        </file>
        <file name="user.ts" path="/Users/suphaphong/superscores-ts/src/controller/v1.0/user.ts">
          <metrics statements="16" coveredstatements="16" conditionals="5" coveredconditionals="4" methods="4" coveredmethods="4"/>
          <line num="1" count="2" type="stmt"/>
          <line num="2" count="2" type="stmt"/>
          <line num="3" count="2" type="stmt"/>
          <line num="4" count="2" type="stmt"/>
          <line num="7" count="2" type="stmt"/>
          <line num="8" count="2" type="cond" truecount="2" falsecount="1"/>
          <line num="9" count="2" type="cond" truecount="2" falsecount="0"/>
          <line num="11" count="2" type="stmt"/>
          <line num="15" count="1" type="stmt"/>
          <line num="16" count="1" type="stmt"/>
          <line num="17" count="1" type="stmt"/>
          <line num="20" count="2" type="stmt"/>
          <line num="21" count="4" type="stmt"/>
          <line num="22" count="4" type="stmt"/>
          <line num="23" count="4" type="stmt"/>
          <line num="25" count="2" type="stmt"/>
        </file>
      </package>
      <package name="src.database.entity">
        <metrics statements="16" coveredstatements="16" conditionals="0" coveredconditionals="0" methods="2" coveredmethods="2"/>
        <file name="base.ts" path="/Users/suphaphong/superscores-ts/src/database/entity/base.ts">
          <metrics statements="5" coveredstatements="5" conditionals="0" coveredconditionals="0" methods="1" coveredmethods="1"/>
          <line num="1" count="2" type="stmt"/>
          <line num="3" count="2" type="stmt"/>
          <line num="5" count="2" type="stmt"/>
          <line num="7" count="2" type="stmt"/>
          <line num="8" count="2" type="stmt"/>
        </file>
        <file name="user.ts" path="/Users/suphaphong/superscores-ts/src/database/entity/user.ts">
          <metrics statements="11" coveredstatements="11" conditionals="0" coveredconditionals="0" methods="1" coveredmethods="1"/>
          <line num="1" count="2" type="stmt"/>
          <line num="2" count="2" type="stmt"/>
          <line num="5" count="2" type="stmt"/>
          <line num="7" count="2" type="stmt"/>
          <line num="9" count="2" type="stmt"/>
          <line num="11" count="2" type="stmt"/>
          <line num="13" count="2" type="stmt"/>
          <line num="15" count="2" type="stmt"/>
          <line num="17" count="2" type="stmt"/>
          <line num="19" count="2" type="stmt"/>
          <line num="20" count="2" type="stmt"/>
        </file>
      </package>
      <package name="src.database.repository">
        <metrics statements="8" coveredstatements="8" conditionals="3" coveredconditionals="3" methods="3" coveredmethods="3"/>
        <file name="user.ts" path="/Users/suphaphong/superscores-ts/src/database/repository/user.ts">
          <metrics statements="8" coveredstatements="8" conditionals="3" coveredconditionals="3" methods="3" coveredmethods="3"/>
          <line num="1" count="2" type="stmt"/>
          <line num="2" count="2" type="stmt"/>
          <line num="3" count="2" type="stmt"/>
          <line num="6" count="3" type="cond" truecount="3" falsecount="0"/>
          <line num="8" count="2" type="stmt"/>
          <line num="9" count="3" type="stmt"/>
          <line num="10" count="1" type="stmt"/>
          <line num="12" count="2" type="stmt"/>
        </file>
      </package>
      <package name="src.helper">
        <metrics statements="25" coveredstatements="20" conditionals="4" coveredconditionals="1" methods="8" coveredmethods="5"/>
        <file name="date.ts" path="/Users/suphaphong/superscores-ts/src/helper/date.ts">
          <metrics statements="12" coveredstatements="11" conditionals="2" coveredconditionals="1" methods="5" coveredmethods="4"/>
          <line num="1" count="3" type="stmt"/>
          <line num="9" count="3" type="stmt"/>
          <line num="10" count="3" type="stmt"/>
          <line num="11" count="2" type="stmt"/>
          <line num="14" count="3" type="stmt"/>
          <line num="15" count="2" type="stmt"/>
          <line num="16" count="2" type="stmt"/>
          <line num="19" count="3" type="stmt"/>
          <line num="20" count="0" type="stmt"/>
          <line num="23" count="3" type="stmt"/>
          <line num="24" count="1" type="cond" truecount="1" falsecount="1"/>
          <line num="26" count="3" type="stmt"/>
        </file>
        <file name="error.ts" path="/Users/suphaphong/superscores-ts/src/helper/error.ts">
          <metrics statements="12" coveredstatements="8" conditionals="2" coveredconditionals="0" methods="3" coveredmethods="1"/>
          <line num="1" count="2" type="stmt"/>
          <line num="2" count="2" type="stmt"/>
          <line num="3" count="2" type="stmt"/>
          <line num="4" count="2" type="stmt"/>
          <line num="5" count="2" type="stmt"/>
          <line num="30" count="2" type="stmt"/>
          <line num="31" count="0" type="stmt"/>
          <line num="32" count="0" type="cond" truecount="0" falsecount="2"/>
          <line num="33" count="0" type="stmt"/>
          <line num="36" count="2" type="stmt"/>
          <line num="37" count="0" type="stmt"/>
          <line num="39" count="2" type="stmt"/>
        </file>
        <file name="index.ts" path="/Users/suphaphong/superscores-ts/src/helper/index.ts">
          <metrics statements="1" coveredstatements="1" conditionals="0" coveredconditionals="0" methods="0" coveredmethods="0"/>
          <line num="1" count="2" type="stmt"/>
        </file>
      </package>
      <package name="src.middleware">
        <metrics statements="26" coveredstatements="16" conditionals="2" coveredconditionals="0" methods="3" coveredmethods="1"/>
        <file name="error.ts" path="/Users/suphaphong/superscores-ts/src/middleware/error.ts">
          <metrics statements="10" coveredstatements="2" conditionals="2" coveredconditionals="0" methods="1" coveredmethods="0"/>
          <line num="3" count="2" type="stmt"/>
          <line num="5" count="2" type="stmt"/>
          <line num="7" count="0" type="cond" truecount="0" falsecount="2"/>
          <line num="8" count="0" type="stmt"/>
          <line num="9" count="0" type="stmt"/>
          <line num="11" count="0" type="stmt"/>
          <line num="12" count="0" type="stmt"/>
          <line num="13" count="0" type="stmt"/>
          <line num="14" count="0" type="stmt"/>
          <line num="15" count="0" type="stmt"/>
        </file>
        <file name="index.ts" path="/Users/suphaphong/superscores-ts/src/middleware/index.ts">
          <metrics statements="12" coveredstatements="12" conditionals="0" coveredconditionals="0" methods="1" coveredmethods="1"/>
          <line num="1" count="2" type="stmt"/>
          <line num="2" count="2" type="stmt"/>
          <line num="3" count="2" type="stmt"/>
          <line num="6" count="2" type="stmt"/>
          <line num="9" count="2" type="stmt"/>
          <line num="10" count="2" type="stmt"/>
          <line num="12" count="2" type="stmt"/>
          <line num="13" count="2" type="stmt"/>
          <line num="14" count="2" type="stmt"/>
          <line num="15" count="2" type="stmt"/>
          <line num="16" count="2" type="stmt"/>
          <line num="17" count="2" type="stmt"/>
        </file>
        <file name="not-found.ts" path="/Users/suphaphong/superscores-ts/src/middleware/not-found.ts">
          <metrics statements="4" coveredstatements="2" conditionals="0" coveredconditionals="0" methods="1" coveredmethods="0"/>
          <line num="3" count="2" type="stmt"/>
          <line num="5" count="2" type="stmt"/>
          <line num="7" count="0" type="stmt"/>
          <line num="8" count="0" type="stmt"/>
        </file>
      </package>
      <package name="src.service">
        <metrics statements="8" coveredstatements="8" conditionals="3" coveredconditionals="2" methods="3" coveredmethods="3"/>
        <file name="user.ts" path="/Users/suphaphong/superscores-ts/src/service/user.ts">
          <metrics statements="8" coveredstatements="8" conditionals="3" coveredconditionals="2" methods="3" coveredmethods="3"/>
          <line num="1" count="2" type="stmt"/>
          <line num="3" count="2" type="stmt"/>
          <line num="4" count="2" type="stmt"/>
          <line num="7" count="2" type="stmt"/>
          <line num="8" count="3" type="cond" truecount="2" falsecount="1"/>
          <line num="9" count="2" type="stmt"/>
          <line num="10" count="1" type="stmt"/>
          <line num="12" count="2" type="stmt"/>
        </file>
      </package>
    </metrics>
  </project>
</coverage>
