{"/Users/suphaphong/superscores-ts/src/app.ts": {"path":"/Users/suphaphong/superscores-ts/src/app.ts","statementMap":{"0":{"start":{"line":1,"column":0},"end":{"line":68,"column":18}},"1":{"start":{"line":1,"column":0},"end":{"line":1,"column":26}},"2":{"start":{"line":2,"column":0},"end":{"line":2,"column":18}},"3":{"start":{"line":3,"column":0},"end":{"line":3,"column":34}},"4":{"start":{"line":4,"column":0},"end":{"line":4,"column":75}},"5":{"start":{"line":5,"column":0},"end":{"line":5,"column":34}},"6":{"start":{"line":7,"column":0},"end":{"line":7,"column":28}},"7":{"start":{"line":8,"column":0},"end":{"line":8,"column":38}},"8":{"start":{"line":9,"column":0},"end":{"line":9,"column":42}},"9":{"start":{"line":10,"column":0},"end":{"line":10,"column":42}},"10":{"start":{"line":12,"column":0},"end":{"line":12,"column":28}},"11":{"start":{"line":14,"column":23},"end":{"line":14,"column":38}},"12":{"start":{"line":15,"column":21},"end":{"line":15,"column":68}},"13":{"start":{"line":16,"column":35},"end":{"line":23,"column":1}},"14":{"start":{"line":24,"column":0},"end":{"line":24,"column":24}},"15":{"start":{"line":25,"column":12},"end":{"line":64,"column":68}},"16":{"start":{"line":27,"column":4},"end":{"line":27,"column":48}},"17":{"start":{"line":28,"column":10},"end":{"line":28,"column":39}},"18":{"start":{"line":29,"column":11},"end":{"line":29,"column":55}},"19":{"start":{"line":30,"column":4},"end":{"line":30,"column":43}},"20":{"start":{"line":31,"column":4},"end":{"line":31,"column":30}},"21":{"start":{"line":32,"column":4},"end":{"line":32,"column":30}},"22":{"start":{"line":33,"column":4},"end":{"line":33,"column":42}},"23":{"start":{"line":34,"column":4},"end":{"line":34,"column":39}},"24":{"start":{"line":35,"column":4},"end":{"line":35,"column":15}},"25":{"start":{"line":64,"column":18},"end":{"line":64,"column":67}},"26":{"start":{"line":68,"column":0},"end":{"line":68,"column":19}}},"fnMap":{"0":{"name":"(anonymous_12)","decl":{"start":{"line":26,"column":6},"end":{"line":26,"column":11}},"loc":{"start":{"line":26,"column":22},"end":{"line":64,"column":1}}},"1":{"name":"(anonymous_15)","decl":{"start":{"line":64,"column":9},"end":{"line":64,"column":8}},"loc":{"start":{"line":64,"column":14},"end":{"line":64,"column":67}}}},"branchMap":{},"s":{"0":2,"1":2,"2":2,"3":2,"4":2,"5":2,"6":2,"7":2,"8":2,"9":2,"10":2,"11":2,"12":2,"13":2,"14":2,"15":2,"16":2,"17":2,"18":2,"19":2,"20":2,"21":2,"22":2,"23":2,"24":2,"25":0,"26":2},"f":{"0":2,"1":0},"b":{}}
,"/Users/suphaphong/superscores-ts/src/configuration/configuration-beta.ts": {"path":"/Users/suphaphong/superscores-ts/src/configuration/configuration-beta.ts","statementMap":{"0":{"start":{"line":3,"column":37},"end":{"line":12,"column":1}},"1":{"start":{"line":14,"column":13},"end":{"line":14,"column":36}}},"fnMap":{},"branchMap":{},"s":{"0":2,"1":2},"f":{},"b":{}}
,"/Users/suphaphong/superscores-ts/src/configuration/configuration-common.ts": {"path":"/Users/suphaphong/superscores-ts/src/configuration/configuration-common.ts","statementMap":{"0":{"start":{"line":3,"column":43},"end":{"line":5,"column":1}},"1":{"start":{"line":7,"column":13},"end":{"line":7,"column":36}}},"fnMap":{},"branchMap":{},"s":{"0":2,"1":2},"f":{},"b":{}}
,"/Users/suphaphong/superscores-ts/src/configuration/configuration-local.ts": {"path":"/Users/suphaphong/superscores-ts/src/configuration/configuration-local.ts","statementMap":{"0":{"start":{"line":3,"column":37},"end":{"line":12,"column":1}},"1":{"start":{"line":14,"column":13},"end":{"line":14,"column":36}}},"fnMap":{},"branchMap":{},"s":{"0":2,"1":2},"f":{},"b":{}}
,"/Users/suphaphong/superscores-ts/src/configuration/configuration-production.ts": {"path":"/Users/suphaphong/superscores-ts/src/configuration/configuration-production.ts","statementMap":{"0":{"start":{"line":3,"column":37},"end":{"line":12,"column":1}},"1":{"start":{"line":14,"column":13},"end":{"line":14,"column":36}}},"fnMap":{},"branchMap":{},"s":{"0":2,"1":2},"f":{},"b":{}}
,"/Users/suphaphong/superscores-ts/src/configuration/environment.ts": {"path":"/Users/suphaphong/superscores-ts/src/configuration/environment.ts","statementMap":{"0":{"start":{"line":2,"column":13},"end":{"line":2,"column":41}},"1":{"start":{"line":3,"column":13},"end":{"line":3,"column":27}},"2":{"start":{"line":4,"column":13},"end":{"line":4,"column":39}},"3":{"start":{"line":7,"column":13},"end":{"line":7,"column":25}},"4":{"start":{"line":8,"column":13},"end":{"line":8,"column":27}}},"fnMap":{},"branchMap":{},"s":{"0":2,"1":2,"2":2,"3":2,"4":2},"f":{},"b":{}}
,"/Users/suphaphong/superscores-ts/src/configuration/index.ts": {"path":"/Users/suphaphong/superscores-ts/src/configuration/index.ts","statementMap":{"0":{"start":{"line":1,"column":0},"end":{"line":1,"column":58}},"1":{"start":{"line":2,"column":0},"end":{"line":2,"column":62}},"2":{"start":{"line":3,"column":0},"end":{"line":3,"column":60}},"3":{"start":{"line":4,"column":0},"end":{"line":4,"column":70}},"4":{"start":{"line":5,"column":0},"end":{"line":5,"column":64}},"5":{"start":{"line":8,"column":20},"end":{"line":8,"column":55}},"6":{"start":{"line":9,"column":20},"end":{"line":9,"column":55}},"7":{"start":{"line":13,"column":0},"end":{"line":22,"column":1}},"8":{"start":{"line":15,"column":4},"end":{"line":15,"column":31}},"9":{"start":{"line":16,"column":4},"end":{"line":16,"column":10}},"10":{"start":{"line":18,"column":4},"end":{"line":18,"column":25}},"11":{"start":{"line":19,"column":4},"end":{"line":19,"column":10}},"12":{"start":{"line":21,"column":4},"end":{"line":21,"column":26}},"13":{"start":{"line":24,"column":13},"end":{"line":29,"column":2}}},"fnMap":{},"branchMap":{"0":{"loc":{"start":{"line":8,"column":20},"end":{"line":8,"column":40}},"type":"binary-expr","locations":[{"start":{"line":8,"column":20},"end":{"line":8,"column":40}},{"start":{"line":8,"column":44},"end":{"line":8,"column":55}}]},"1":{"loc":{"start":{"line":9,"column":20},"end":{"line":9,"column":48}},"type":"binary-expr","locations":[{"start":{"line":9,"column":20},"end":{"line":9,"column":48}},{"start":{"line":9,"column":52},"end":{"line":9,"column":55}}]},"2":{"loc":{"start":{"line":14,"column":2},"end":{"line":16,"column":10}},"type":"switch","locations":[{"start":{"line":14,"column":2},"end":{"line":16,"column":10}},{"start":{"line":17,"column":2},"end":{"line":19,"column":10}},{"start":{"line":20,"column":2},"end":{"line":21,"column":26}}]}},"s":{"0":2,"1":2,"2":2,"3":2,"4":2,"5":2,"6":2,"7":2,"8":0,"9":0,"10":0,"11":0,"12":2,"13":2},"f":{},"b":{"0":[2,0],"1":[2,2],"2":[0,0,2]}}
,"/Users/suphaphong/superscores-ts/src/controller/base.ts": {"path":"/Users/suphaphong/superscores-ts/src/controller/base.ts","statementMap":{"0":{"start":{"line":2,"column":0},"end":{"line":2,"column":27}},"1":{"start":{"line":4,"column":0},"end":{"line":4,"column":36}},"2":{"start":{"line":9,"column":0},"end":{"line":89,"column":0}},"3":{"start":{"line":13,"column":2},"end":{"line":15,"column":3}},"4":{"start":{"line":14,"column":4},"end":{"line":14,"column":37}},"5":{"start":{"line":17,"column":10},"end":{"line":19,"column":3}},"6":{"start":{"line":18,"column":4},"end":{"line":18,"column":35}},"7":{"start":{"line":21,"column":10},"end":{"line":28,"column":3}},"8":{"start":{"line":22,"column":4},"end":{"line":24,"column":5}},"9":{"start":{"line":23,"column":6},"end":{"line":23,"column":19}},"10":{"start":{"line":25,"column":19},"end":{"line":25,"column":55}},"11":{"start":{"line":26,"column":4},"end":{"line":27,"column":58}},"12":{"start":{"line":30,"column":12},"end":{"line":32,"column":3}},"13":{"start":{"line":31,"column":4},"end":{"line":31,"column":41}},"14":{"start":{"line":34,"column":12},"end":{"line":36,"column":3}},"15":{"start":{"line":35,"column":4},"end":{"line":35,"column":59}},"16":{"start":{"line":38,"column":12},"end":{"line":45,"column":3}},"17":{"start":{"line":40,"column":8},"end":{"line":40,"column":71}},"18":{"start":{"line":42,"column":8},"end":{"line":42,"column":68}},"19":{"start":{"line":43,"column":4},"end":{"line":43,"column":54}},"20":{"start":{"line":44,"column":4},"end":{"line":44,"column":11}},"21":{"start":{"line":46,"column":12},"end":{"line":53,"column":3}},"22":{"start":{"line":47,"column":26},"end":{"line":47,"column":74}},"23":{"start":{"line":48,"column":4},"end":{"line":52,"column":5}},"24":{"start":{"line":49,"column":6},"end":{"line":49,"column":16}},"25":{"start":{"line":51,"column":6},"end":{"line":51,"column":27}},"26":{"start":{"line":10,"column":26},"end":{"line":10,"column":73}},"27":{"start":{"line":11,"column":26},"end":{"line":11,"column":52}},"28":{"start":{"line":89,"column":0},"end":{"line":89,"column":1}},"29":{"start":{"line":9,"column":22},"end":{"line":9,"column":36}}},"fnMap":{"0":{"name":"(anonymous_0)","decl":{"start":{"line":9,"column":0},"end":{"line":null,"column":-1}},"loc":{"start":{"line":9,"column":0},"end":{"line":9,"column":-1}}},"1":{"name":"(anonymous_2)","decl":{"start":{"line":13,"column":2},"end":{"line":null,"column":-1}},"loc":{"start":{"line":13,"column":2},"end":{"line":15,"column":3}}},"2":{"name":"(anonymous_3)","decl":{"start":{"line":17,"column":2},"end":{"line":17,"column":34}},"loc":{"start":{"line":17,"column":48},"end":{"line":19,"column":3}}},"3":{"name":"(anonymous_4)","decl":{"start":{"line":21,"column":2},"end":{"line":21,"column":37}},"loc":{"start":{"line":21,"column":51},"end":{"line":28,"column":3}}},"4":{"name":"(anonymous_5)","decl":{"start":{"line":30,"column":2},"end":{"line":30,"column":26}},"loc":{"start":{"line":30,"column":39},"end":{"line":32,"column":3}}},"5":{"name":"(anonymous_6)","decl":{"start":{"line":34,"column":2},"end":{"line":34,"column":27}},"loc":{"start":{"line":34,"column":58},"end":{"line":36,"column":3}}},"6":{"name":"(anonymous_7)","decl":{"start":{"line":38,"column":2},"end":{"line":38,"column":21}},"loc":{"start":{"line":38,"column":69},"end":{"line":45,"column":3}}},"7":{"name":"(anonymous_8)","decl":{"start":{"line":46,"column":2},"end":{"line":46,"column":34}},"loc":{"start":{"line":46,"column":47},"end":{"line":53,"column":3}}}},"branchMap":{"0":{"loc":{"start":{"line":22,"column":4},"end":{"line":24,"column":5}},"type":"if","locations":[{"start":{"line":22,"column":4},"end":{"line":24,"column":5}},{"start":{"line":22,"column":4},"end":{"line":24,"column":5}}]},"1":{"loc":{"start":{"line":26,"column":11},"end":{"line":26,"column":30}},"type":"binary-expr","locations":[{"start":{"line":26,"column":11},"end":{"line":26,"column":30}},{"start":{"line":27,"column":8},"end":{"line":27,"column":57}}]},"2":{"loc":{"start":{"line":31,"column":11},"end":{"line":31,"column":32}},"type":"binary-expr","locations":[{"start":{"line":31,"column":11},"end":{"line":31,"column":32}},{"start":{"line":31,"column":36},"end":{"line":31,"column":40}}]},"3":{"loc":{"start":{"line":40,"column":54},"end":{"line":40,"column":64}},"type":"cond-expr","locations":[{"start":{"line":40,"column":54},"end":{"line":40,"column":64}},{"start":{"line":40,"column":67},"end":{"line":40,"column":71}}]},"4":{"loc":{"start":{"line":40,"column":8},"end":{"line":40,"column":18}},"type":"binary-expr","locations":[{"start":{"line":40,"column":8},"end":{"line":40,"column":18}},{"start":{"line":40,"column":22},"end":{"line":40,"column":51}}]},"5":{"loc":{"start":{"line":42,"column":52},"end":{"line":42,"column":61}},"type":"cond-expr","locations":[{"start":{"line":42,"column":52},"end":{"line":42,"column":61}},{"start":{"line":42,"column":64},"end":{"line":42,"column":68}}]},"6":{"loc":{"start":{"line":42,"column":8},"end":{"line":42,"column":17}},"type":"binary-expr","locations":[{"start":{"line":42,"column":8},"end":{"line":42,"column":17}},{"start":{"line":42,"column":21},"end":{"line":42,"column":49}}]},"7":{"loc":{"start":{"line":48,"column":4},"end":{"line":52,"column":5}},"type":"if","locations":[{"start":{"line":48,"column":4},"end":{"line":52,"column":5}},{"start":{"line":48,"column":4},"end":{"line":52,"column":5}}]},"8":{"loc":{"start":{"line":48,"column":8},"end":{"line":48,"column":22}},"type":"binary-expr","locations":[{"start":{"line":48,"column":8},"end":{"line":48,"column":22}},{"start":{"line":48,"column":26},"end":{"line":48,"column":56}}]}},"s":{"0":2,"1":2,"2":2,"3":2,"4":0,"5":2,"6":0,"7":2,"8":0,"9":0,"10":0,"11":0,"12":2,"13":0,"14":2,"15":2,"16":2,"17":2,"18":2,"19":2,"20":2,"21":2,"22":0,"23":0,"24":0,"25":0,"26":2,"27":2,"28":2,"29":2},"f":{"0":6,"1":0,"2":0,"3":0,"4":0,"5":2,"6":2,"7":0},"b":{"0":[0,0],"1":[0,0],"2":[0,0],"3":[0,2],"4":[2,2],"5":[0,2],"6":[2,2],"7":[0,0],"8":[0,0]}}
,"/Users/suphaphong/superscores-ts/src/controller/index.ts": {"path":"/Users/suphaphong/superscores-ts/src/controller/index.ts","statementMap":{"0":{"start":{"line":2,"column":0},"end":{"line":2,"column":47}},"1":{"start":{"line":4,"column":13},"end":{"line":8,"column":2}},"2":{"start":{"line":5,"column":2},"end":{"line":5,"column":28}},"3":{"start":{"line":7,"column":2},"end":{"line":7,"column":24}}},"fnMap":{"0":{"name":"(anonymous_0)","decl":{"start":{"line":4,"column":25},"end":{"line":4,"column":25}},"loc":{"start":{"line":4,"column":42},"end":{"line":8,"column":1}}}},"branchMap":{},"s":{"0":2,"1":2,"2":2,"3":2},"f":{"0":2},"b":{}}
,"/Users/suphaphong/superscores-ts/src/controller/v1.0/home.ts": {"path":"/Users/suphaphong/superscores-ts/src/controller/v1.0/home.ts","statementMap":{"0":{"start":{"line":1,"column":0},"end":{"line":1,"column":63}},"1":{"start":{"line":3,"column":0},"end":{"line":3,"column":38}},"2":{"start":{"line":4,"column":0},"end":{"line":4,"column":32}},"3":{"start":{"line":7,"column":0},"end":{"line":7,"column":50}},"4":{"start":{"line":7,"column":36},"end":{"line":7,"column":50}},"5":{"start":{"line":6,"column":0},"end":{"line":21,"column":0}},"6":{"start":{"line":8,"column":10},"end":{"line":12,"column":4}},"7":{"start":{"line":9,"column":17},"end":{"line":9,"column":46}},"8":{"start":{"line":10,"column":4},"end":{"line":10,"column":38}},"9":{"start":{"line":11,"column":4},"end":{"line":11,"column":21}},"10":{"start":{"line":14,"column":2},"end":{"line":20,"column":3}},"11":{"start":{"line":15,"column":27},"end":{"line":15,"column":35}},"12":{"start":{"line":17,"column":4},"end":{"line":17,"column":52}},"13":{"start":{"line":19,"column":4},"end":{"line":19,"column":18}},"14":{"start":{"line":7,"column":13},"end":{"line":21,"column":1}},"15":{"start":{"line":21,"column":0},"end":{"line":21,"column":1}},"16":{"start":{"line":7,"column":13},"end":{"line":7,"column":27}}},"fnMap":{"0":{"name":"(anonymous_6)","decl":{"start":{"line":7,"column":0},"end":{"line":null,"column":-1}},"loc":{"start":{"line":7,"column":0},"end":{"line":7,"column":-1}}},"1":{"name":"HomeController","decl":{"start":{"line":6,"column":0},"end":{"line":null,"column":-1}},"loc":{"start":{"line":6,"column":0},"end":{"line":21,"column":1}}},"2":{"name":"(anonymous_8)","decl":{"start":{"line":8,"column":16},"end":{"line":8,"column":16}},"loc":{"start":{"line":8,"column":66},"end":{"line":12,"column":3}}},"3":{"name":"(anonymous_9)","decl":{"start":{"line":14,"column":2},"end":{"line":null,"column":-1}},"loc":{"start":{"line":14,"column":2},"end":{"line":20,"column":3}}}},"branchMap":{"0":{"loc":{"start":{"line":6,"column":0},"end":{"line":21,"column":0}},"type":"binary-expr","locations":[{"start":{"line":6,"column":0},"end":{"line":21,"column":0}},{"start":{"line":6,"column":0},"end":{"line":21,"column":0}},{"start":{"line":6,"column":0},"end":{"line":21,"column":0}}]}},"s":{"0":2,"1":2,"2":2,"3":2,"4":2,"5":2,"6":2,"7":1,"8":1,"9":1,"10":2,"11":4,"12":4,"13":4,"14":2,"15":2,"16":2},"f":{"0":2,"1":2,"2":1,"3":4},"b":{"0":[2,2,2]}}
,"/Users/suphaphong/superscores-ts/src/controller/v1.0/index.ts": {"path":"/Users/suphaphong/superscores-ts/src/controller/v1.0/index.ts","statementMap":{"0":{"start":{"line":2,"column":0},"end":{"line":2,"column":43}},"1":{"start":{"line":3,"column":0},"end":{"line":3,"column":42}},"2":{"start":{"line":4,"column":0},"end":{"line":4,"column":37}},"3":{"start":{"line":5,"column":0},"end":{"line":5,"column":37}},"4":{"start":{"line":14,"column":25},"end":{"line":14,"column":54}},"5":{"start":{"line":15,"column":25},"end":{"line":15,"column":54}},"6":{"start":{"line":16,"column":25},"end":{"line":16,"column":33}},"7":{"start":{"line":17,"column":2},"end":{"line":17,"column":56}},"8":{"start":{"line":18,"column":2},"end":{"line":18,"column":61}},"9":{"start":{"line":19,"column":2},"end":{"line":19,"column":27}},"10":{"start":{"line":13,"column":0},"end":{"line":20,"column":1}}},"fnMap":{"0":{"name":"configure","decl":{"start":{"line":13,"column":0},"end":{"line":13,"column":25}},"loc":{"start":{"line":13,"column":51},"end":{"line":20,"column":1}}}},"branchMap":{},"s":{"0":2,"1":2,"2":2,"3":2,"4":4,"5":4,"6":4,"7":4,"8":4,"9":4,"10":2},"f":{"0":4},"b":{}}
,"/Users/suphaphong/superscores-ts/src/controller/v1.0/user.ts": {"path":"/Users/suphaphong/superscores-ts/src/controller/v1.0/user.ts","statementMap":{"0":{"start":{"line":1,"column":0},"end":{"line":1,"column":63}},"1":{"start":{"line":2,"column":0},"end":{"line":2,"column":30}},"2":{"start":{"line":3,"column":0},"end":{"line":3,"column":38}},"3":{"start":{"line":4,"column":0},"end":{"line":4,"column":48}},"4":{"start":{"line":7,"column":0},"end":{"line":7,"column":50}},"5":{"start":{"line":7,"column":36},"end":{"line":7,"column":50}},"6":{"start":{"line":9,"column":4},"end":{"line":9,"column":11}},"7":{"start":{"line":8,"column":22},"end":{"line":8,"column":46}},"8":{"start":{"line":11,"column":10},"end":{"line":18,"column":4}},"9":{"start":{"line":15,"column":17},"end":{"line":15,"column":48}},"10":{"start":{"line":15,"column":10},"end":{"line":15,"column":48}},"11":{"start":{"line":16,"column":4},"end":{"line":16,"column":38}},"12":{"start":{"line":17,"column":4},"end":{"line":17,"column":21}},"13":{"start":{"line":20,"column":2},"end":{"line":24,"column":3}},"14":{"start":{"line":21,"column":27},"end":{"line":21,"column":35}},"15":{"start":{"line":22,"column":4},"end":{"line":22,"column":55}},"16":{"start":{"line":23,"column":4},"end":{"line":23,"column":18}},"17":{"start":{"line":7,"column":13},"end":{"line":25,"column":1}},"18":{"start":{"line":25,"column":0},"end":{"line":25,"column":1}},"19":{"start":{"line":7,"column":13},"end":{"line":7,"column":27}}},"fnMap":{"0":{"name":"(anonymous_19)","decl":{"start":{"line":7,"column":0},"end":{"line":null,"column":-1}},"loc":{"start":{"line":7,"column":0},"end":{"line":7,"column":-1}}},"1":{"name":"UserController","decl":{"start":{"line":8,"column":2},"end":{"line":8,"column":21}},"loc":{"start":{"line":8,"column":46},"end":{"line":10,"column":3}}},"2":{"name":"(anonymous_21)","decl":{"start":{"line":11,"column":19},"end":{"line":12,"column":5}},"loc":{"start":{"line":12,"column":55},"end":{"line":18,"column":3}}},"3":{"name":"(anonymous_24)","decl":{"start":{"line":20,"column":2},"end":{"line":null,"column":-1}},"loc":{"start":{"line":20,"column":2},"end":{"line":24,"column":3}}}},"branchMap":{"0":{"loc":{"start":{"line":9,"column":4},"end":{"line":9,"column":11}},"type":"binary-expr","locations":[{"start":{"line":9,"column":4},"end":{"line":9,"column":11}},{"start":{"line":9,"column":11},"end":{"line":10,"column":2}}]},"1":{"loc":{"start":{"line":8,"column":46},"end":{"line":null,"column":-1}},"type":"binary-expr","locations":[{"start":{"line":8,"column":46},"end":{"line":null,"column":-1}},{"start":{"line":8,"column":46},"end":{"line":null,"column":-1}}]},"2":{"loc":{"start":{"line":8,"column":35},"end":{"line":8,"column":46}},"type":"binary-expr","locations":[{"start":{"line":8,"column":35},"end":{"line":8,"column":46}}]}},"s":{"0":2,"1":2,"2":2,"3":2,"4":2,"5":2,"6":2,"7":2,"8":2,"9":1,"10":1,"11":1,"12":1,"13":2,"14":4,"15":4,"16":4,"17":2,"18":2,"19":2},"f":{"0":2,"1":2,"2":1,"3":4},"b":{"0":[2,2],"1":[2,0],"2":[2]}}
,"/Users/suphaphong/superscores-ts/src/database/entity/base.ts": {"path":"/Users/suphaphong/superscores-ts/src/database/entity/base.ts","statementMap":{"0":{"start":{"line":1,"column":0},"end":{"line":1,"column":58}},"1":{"start":{"line":3,"column":0},"end":{"line":8,"column":0}},"2":{"start":{"line":5,"column":2},"end":{"line":5,"column":18}},"3":{"start":{"line":7,"column":2},"end":{"line":7,"column":18}},"4":{"start":{"line":8,"column":0},"end":{"line":8,"column":1}},"5":{"start":{"line":3,"column":22},"end":{"line":3,"column":38}}},"fnMap":{"0":{"name":"(anonymous_2)","decl":{"start":{"line":3,"column":0},"end":{"line":null,"column":-1}},"loc":{"start":{"line":3,"column":0},"end":{"line":3,"column":-1}}}},"branchMap":{},"s":{"0":2,"1":2,"2":2,"3":2,"4":2,"5":2},"f":{"0":3},"b":{}}
,"/Users/suphaphong/superscores-ts/src/database/entity/user.ts": {"path":"/Users/suphaphong/superscores-ts/src/database/entity/user.ts","statementMap":{"0":{"start":{"line":1,"column":0},"end":{"line":1,"column":77}},"1":{"start":{"line":2,"column":0},"end":{"line":2,"column":39}},"2":{"start":{"line":5,"column":0},"end":{"line":5,"column":42}},"3":{"start":{"line":5,"column":26},"end":{"line":5,"column":42}},"4":{"start":{"line":7,"column":2},"end":{"line":7,"column":17}},"5":{"start":{"line":9,"column":2},"end":{"line":9,"column":22}},"6":{"start":{"line":11,"column":2},"end":{"line":11,"column":16}},"7":{"start":{"line":13,"column":2},"end":{"line":13,"column":22}},"8":{"start":{"line":15,"column":2},"end":{"line":15,"column":28}},"9":{"start":{"line":17,"column":2},"end":{"line":17,"column":33}},"10":{"start":{"line":19,"column":2},"end":{"line":19,"column":23}},"11":{"start":{"line":5,"column":13},"end":{"line":20,"column":1}},"12":{"start":{"line":20,"column":0},"end":{"line":20,"column":1}},"13":{"start":{"line":5,"column":13},"end":{"line":5,"column":17}}},"fnMap":{"0":{"name":"(anonymous_7)","decl":{"start":{"line":5,"column":0},"end":{"line":null,"column":-1}},"loc":{"start":{"line":5,"column":0},"end":{"line":5,"column":-1}}}},"branchMap":{},"s":{"0":2,"1":2,"2":2,"3":2,"4":2,"5":2,"6":2,"7":2,"8":2,"9":2,"10":2,"11":2,"12":2,"13":2},"f":{"0":3},"b":{}}
,"/Users/suphaphong/superscores-ts/src/database/repository/user.ts": {"path":"/Users/suphaphong/superscores-ts/src/database/repository/user.ts","statementMap":{"0":{"start":{"line":1,"column":0},"end":{"line":1,"column":30}},"1":{"start":{"line":2,"column":0},"end":{"line":2,"column":52}},"2":{"start":{"line":3,"column":0},"end":{"line":3,"column":35}},"3":{"start":{"line":8,"column":0},"end":{"line":8,"column":46}},"4":{"start":{"line":8,"column":36},"end":{"line":8,"column":52}},"5":{"start":{"line":6,"column":0},"end":{"line":12,"column":0}},"6":{"start":{"line":9,"column":2},"end":{"line":11,"column":3}},"7":{"start":{"line":10,"column":4},"end":{"line":10,"column":23}},"8":{"start":{"line":8,"column":13},"end":{"line":12,"column":1}},"9":{"start":{"line":12,"column":0},"end":{"line":12,"column":1}},"10":{"start":{"line":8,"column":13},"end":{"line":8,"column":27}}},"fnMap":{"0":{"name":"(anonymous_6)","decl":{"start":{"line":8,"column":0},"end":{"line":null,"column":-1}},"loc":{"start":{"line":8,"column":0},"end":{"line":8,"column":-1}}},"1":{"name":"UserRepository","decl":{"start":{"line":6,"column":0},"end":{"line":null,"column":-1}},"loc":{"start":{"line":6,"column":0},"end":{"line":12,"column":1}}},"2":{"name":"(anonymous_8)","decl":{"start":{"line":9,"column":11},"end":{"line":null,"column":-1}},"loc":{"start":{"line":9,"column":11},"end":{"line":11,"column":3}}}},"branchMap":{"0":{"loc":{"start":{"line":6,"column":0},"end":{"line":12,"column":0}},"type":"binary-expr","locations":[{"start":{"line":6,"column":0},"end":{"line":12,"column":0}},{"start":{"line":6,"column":0},"end":{"line":12,"column":0}},{"start":{"line":6,"column":0},"end":{"line":12,"column":0}}]}},"s":{"0":2,"1":2,"2":2,"3":2,"4":2,"5":3,"6":3,"7":1,"8":2,"9":2,"10":2},"f":{"0":2,"1":3,"2":1},"b":{"0":[3,3,3]}}
,"/Users/suphaphong/superscores-ts/src/helper/date.ts": {"path":"/Users/suphaphong/superscores-ts/src/helper/date.ts","statementMap":{"0":{"start":{"line":1,"column":0},"end":{"line":1,"column":32}},"1":{"start":{"line":9,"column":0},"end":{"line":26,"column":0}},"2":{"start":{"line":10,"column":9},"end":{"line":12,"column":3}},"3":{"start":{"line":11,"column":4},"end":{"line":11,"column":35}},"4":{"start":{"line":14,"column":9},"end":{"line":17,"column":3}},"5":{"start":{"line":15,"column":34},"end":{"line":15,"column":50}},"6":{"start":{"line":16,"column":4},"end":{"line":16,"column":48}},"7":{"start":{"line":19,"column":9},"end":{"line":21,"column":3}},"8":{"start":{"line":20,"column":4},"end":{"line":20,"column":50}},"9":{"start":{"line":23,"column":9},"end":{"line":25,"column":3}},"10":{"start":{"line":24,"column":4},"end":{"line":24,"column":60}},"11":{"start":{"line":26,"column":0},"end":{"line":26,"column":1}},"12":{"start":{"line":9,"column":13},"end":{"line":9,"column":23}}},"fnMap":{"0":{"name":"(anonymous_0)","decl":{"start":{"line":9,"column":0},"end":{"line":null,"column":-1}},"loc":{"start":{"line":9,"column":0},"end":{"line":9,"column":-1}}},"1":{"name":"(anonymous_2)","decl":{"start":{"line":10,"column":2},"end":{"line":null,"column":-1}},"loc":{"start":{"line":10,"column":2},"end":{"line":12,"column":3}}},"2":{"name":"(anonymous_3)","decl":{"start":{"line":14,"column":2},"end":{"line":14,"column":29}},"loc":{"start":{"line":14,"column":40},"end":{"line":17,"column":3}}},"3":{"name":"(anonymous_4)","decl":{"start":{"line":19,"column":2},"end":{"line":null,"column":-1}},"loc":{"start":{"line":19,"column":2},"end":{"line":21,"column":3}}},"4":{"name":"(anonymous_5)","decl":{"start":{"line":23,"column":2},"end":{"line":23,"column":21}},"loc":{"start":{"line":23,"column":33},"end":{"line":25,"column":3}}}},"branchMap":{"0":{"loc":{"start":{"line":24,"column":18},"end":{"line":24,"column":41}},"type":"cond-expr","locations":[{"start":{"line":24,"column":18},"end":{"line":24,"column":41}},{"start":{"line":24,"column":44},"end":{"line":24,"column":59}}]}},"s":{"0":3,"1":3,"2":3,"3":2,"4":3,"5":2,"6":2,"7":3,"8":0,"9":3,"10":1,"11":3,"12":3},"f":{"0":3,"1":2,"2":2,"3":0,"4":1},"b":{"0":[1,0]}}
,"/Users/suphaphong/superscores-ts/src/helper/error.ts": {"path":"/Users/suphaphong/superscores-ts/src/helper/error.ts","statementMap":{"0":{"start":{"line":1,"column":13},"end":{"line":1,"column":47}},"1":{"start":{"line":2,"column":13},"end":{"line":2,"column":45}},"2":{"start":{"line":3,"column":13},"end":{"line":3,"column":37}},"3":{"start":{"line":4,"column":13},"end":{"line":4,"column":45}},"4":{"start":{"line":5,"column":13},"end":{"line":23,"column":2}},"5":{"start":{"line":30,"column":0},"end":{"line":30,"column":38}},"6":{"start":{"line":30,"column":33},"end":{"line":30,"column":38}},"7":{"start":{"line":32,"column":4},"end":{"line":32,"column":39}},"8":{"start":{"line":31,"column":22},"end":{"line":31,"column":34}},"9":{"start":{"line":33,"column":4},"end":{"line":33,"column":55}},"10":{"start":{"line":36,"column":2},"end":{"line":38,"column":3}},"11":{"start":{"line":37,"column":4},"end":{"line":37,"column":22}},"12":{"start":{"line":39,"column":0},"end":{"line":39,"column":1}},"13":{"start":{"line":30,"column":13},"end":{"line":30,"column":24}}},"fnMap":{"0":{"name":"(anonymous_5)","decl":{"start":{"line":30,"column":0},"end":{"line":null,"column":-1}},"loc":{"start":{"line":30,"column":0},"end":{"line":30,"column":-1}}},"1":{"name":"CustomError","decl":{"start":{"line":31,"column":2},"end":{"line":31,"column":21}},"loc":{"start":{"line":31,"column":34},"end":{"line":34,"column":3}}},"2":{"name":"(anonymous_7)","decl":{"start":{"line":36,"column":2},"end":{"line":null,"column":-1}},"loc":{"start":{"line":36,"column":2},"end":{"line":38,"column":3}}}},"branchMap":{"0":{"loc":{"start":{"line":32,"column":4},"end":{"line":32,"column":39}},"type":"binary-expr","locations":[{"start":{"line":32,"column":4},"end":{"line":32,"column":39}},{"start":{"line":32,"column":39},"end":{"line":34,"column":2}}]}},"s":{"0":2,"1":2,"2":2,"3":2,"4":2,"5":2,"6":2,"7":0,"8":0,"9":0,"10":2,"11":0,"12":2,"13":2},"f":{"0":2,"1":0,"2":0},"b":{"0":[0,0]}}
,"/Users/suphaphong/superscores-ts/src/helper/index.ts": {"path":"/Users/suphaphong/superscores-ts/src/helper/index.ts","statementMap":{"0":{"start":{"line":1,"column":0},"end":{"line":1,"column":47}},"1":{"start":{"line":1,"column":8},"end":{"line":1,"column":18}},"2":{"start":{"line":1,"column":20},"end":{"line":1,"column":32}}},"fnMap":{},"branchMap":{},"s":{"0":2,"1":2,"2":2},"f":{},"b":{}}
,"/Users/suphaphong/superscores-ts/src/middleware/error.ts": {"path":"/Users/suphaphong/superscores-ts/src/middleware/error.ts","statementMap":{"0":{"start":{"line":3,"column":0},"end":{"line":3,"column":70}},"1":{"start":{"line":5,"column":13},"end":{"line":17,"column":6}},"2":{"start":{"line":7,"column":6},"end":{"line":16,"column":7}},"3":{"start":{"line":8,"column":14},"end":{"line":8,"column":73}},"4":{"start":{"line":8,"column":15},"end":{"line":8,"column":25}},"5":{"start":{"line":8,"column":27},"end":{"line":8,"column":36}},"6":{"start":{"line":9,"column":8},"end":{"line":9,"column":47}},"7":{"start":{"line":11,"column":8},"end":{"line":11,"column":62}},"8":{"start":{"line":12,"column":8},"end":{"line":12,"column":27}},"9":{"start":{"line":13,"column":8},"end":{"line":13,"column":62}},"10":{"start":{"line":14,"column":14},"end":{"line":14,"column":65}},"11":{"start":{"line":14,"column":15},"end":{"line":14,"column":25}},"12":{"start":{"line":14,"column":27},"end":{"line":14,"column":36}},"13":{"start":{"line":15,"column":8},"end":{"line":15,"column":47}}},"fnMap":{"0":{"name":"(anonymous_0)","decl":{"start":{"line":6,"column":4},"end":{"line":6,"column":4}},"loc":{"start":{"line":6,"column":68},"end":{"line":17,"column":5}}}},"branchMap":{"0":{"loc":{"start":{"line":7,"column":6},"end":{"line":16,"column":7}},"type":"if","locations":[{"start":{"line":7,"column":6},"end":{"line":16,"column":7}},{"start":{"line":7,"column":6},"end":{"line":16,"column":7}}]}},"s":{"0":2,"1":2,"2":0,"3":0,"4":0,"5":0,"6":0,"7":0,"8":0,"9":0,"10":0,"11":0,"12":0,"13":0},"f":{"0":0},"b":{"0":[0,0]}}
,"/Users/suphaphong/superscores-ts/src/middleware/index.ts": {"path":"/Users/suphaphong/superscores-ts/src/middleware/index.ts","statementMap":{"0":{"start":{"line":1,"column":0},"end":{"line":1,"column":41}},"1":{"start":{"line":2,"column":0},"end":{"line":2,"column":42}},"2":{"start":{"line":3,"column":0},"end":{"line":3,"column":28}},"3":{"start":{"line":6,"column":0},"end":{"line":6,"column":32}},"4":{"start":{"line":9,"column":0},"end":{"line":9,"column":38}},"5":{"start":{"line":9,"column":8},"end":{"line":9,"column":22}},"6":{"start":{"line":10,"column":0},"end":{"line":10,"column":45}},"7":{"start":{"line":10,"column":8},"end":{"line":10,"column":25}},"8":{"start":{"line":12,"column":13},"end":{"line":18,"column":2}},"9":{"start":{"line":13,"column":2},"end":{"line":13,"column":18}},"10":{"start":{"line":14,"column":2},"end":{"line":14,"column":25}},"11":{"start":{"line":15,"column":2},"end":{"line":15,"column":46}},"12":{"start":{"line":16,"column":2},"end":{"line":16,"column":68}},"13":{"start":{"line":17,"column":2},"end":{"line":17,"column":25}}},"fnMap":{"0":{"name":"(anonymous_0)","decl":{"start":{"line":12,"column":25},"end":{"line":12,"column":25}},"loc":{"start":{"line":12,"column":42},"end":{"line":18,"column":1}}}},"branchMap":{},"s":{"0":2,"1":2,"2":2,"3":2,"4":2,"5":2,"6":2,"7":2,"8":2,"9":2,"10":2,"11":2,"12":2,"13":2},"f":{"0":2},"b":{}}
,"/Users/suphaphong/superscores-ts/src/middleware/not-found.ts": {"path":"/Users/suphaphong/superscores-ts/src/middleware/not-found.ts","statementMap":{"0":{"start":{"line":3,"column":0},"end":{"line":3,"column":56}},"1":{"start":{"line":5,"column":13},"end":{"line":9,"column":6}},"2":{"start":{"line":7,"column":12},"end":{"line":7,"column":62}},"3":{"start":{"line":7,"column":13},"end":{"line":7,"column":23}},"4":{"start":{"line":7,"column":25},"end":{"line":7,"column":34}},"5":{"start":{"line":8,"column":6},"end":{"line":8,"column":45}}},"fnMap":{"0":{"name":"(anonymous_0)","decl":{"start":{"line":6,"column":4},"end":{"line":6,"column":4}},"loc":{"start":{"line":6,"column":54},"end":{"line":9,"column":5}}}},"branchMap":{},"s":{"0":2,"1":2,"2":0,"3":0,"4":0,"5":0},"f":{"0":0},"b":{}}
,"/Users/suphaphong/superscores-ts/src/service/user.ts": {"path":"/Users/suphaphong/superscores-ts/src/service/user.ts","statementMap":{"0":{"start":{"line":1,"column":0},"end":{"line":1,"column":41}},"1":{"start":{"line":3,"column":0},"end":{"line":3,"column":60}},"2":{"start":{"line":4,"column":0},"end":{"line":4,"column":57}},"3":{"start":{"line":7,"column":0},"end":{"line":12,"column":0}},"4":{"start":{"line":8,"column":48},"end":{"line":8,"column":78}},"5":{"start":{"line":9,"column":2},"end":{"line":11,"column":3}},"6":{"start":{"line":10,"column":4},"end":{"line":10,"column":40}},"7":{"start":{"line":7,"column":13},"end":{"line":12,"column":1}},"8":{"start":{"line":12,"column":0},"end":{"line":12,"column":1}},"9":{"start":{"line":7,"column":13},"end":{"line":7,"column":24}}},"fnMap":{"0":{"name":"(anonymous_4)","decl":{"start":{"line":7,"column":0},"end":{"line":null,"column":-1}},"loc":{"start":{"line":7,"column":0},"end":{"line":7,"column":-1}}},"1":{"name":"UserService","decl":{"start":{"line":8,"column":2},"end":{"line":8,"column":47}},"loc":{"start":{"line":8,"column":78},"end":{"line":8,"column":82}}},"2":{"name":"(anonymous_6)","decl":{"start":{"line":9,"column":2},"end":{"line":null,"column":-1}},"loc":{"start":{"line":9,"column":2},"end":{"line":11,"column":3}}}},"branchMap":{"0":{"loc":{"start":{"line":8,"column":78},"end":{"line":null,"column":-1}},"type":"binary-expr","locations":[{"start":{"line":8,"column":78},"end":{"line":null,"column":-1}},{"start":{"line":8,"column":78},"end":{"line":null,"column":-1}}]},"1":{"loc":{"start":{"line":8,"column":64},"end":{"line":8,"column":78}},"type":"binary-expr","locations":[{"start":{"line":8,"column":64},"end":{"line":8,"column":78}}]}},"s":{"0":2,"1":2,"2":2,"3":2,"4":3,"5":2,"6":1,"7":2,"8":2,"9":2},"f":{"0":2,"1":3,"2":1},"b":{"0":[2,0],"1":[2]}}
}
