TN:
SF:/Users/suphaphong/superscores-ts/src/app.ts
FN:26,(anonymous_12)
FN:64,(anonymous_15)
FNF:2
FNH:1
FNDA:2,(anonymous_12)
FNDA:0,(anonymous_15)
DA:1,2
DA:2,2
DA:3,2
DA:4,2
DA:5,2
DA:7,2
DA:8,2
DA:9,2
DA:10,2
DA:12,2
DA:14,2
DA:15,2
DA:16,2
DA:24,2
DA:25,2
DA:27,2
DA:28,2
DA:29,2
DA:30,2
DA:31,2
DA:32,2
DA:33,2
DA:34,2
DA:35,2
DA:64,0
DA:68,2
LF:26
LH:25
BRF:0
BRH:0
end_of_record
TN:
SF:/Users/suphaphong/superscores-ts/src/configuration/configuration-beta.ts
FNF:0
FNH:0
DA:3,2
DA:14,2
LF:2
LH:2
BRF:0
BRH:0
end_of_record
TN:
SF:/Users/suphaphong/superscores-ts/src/configuration/configuration-common.ts
FNF:0
FNH:0
DA:3,2
DA:7,2
LF:2
LH:2
BRF:0
BRH:0
end_of_record
TN:
SF:/Users/suphaphong/superscores-ts/src/configuration/configuration-local.ts
FNF:0
FNH:0
DA:3,2
DA:14,2
LF:2
LH:2
BRF:0
BRH:0
end_of_record
TN:
SF:/Users/suphaphong/superscores-ts/src/configuration/configuration-production.ts
FNF:0
FNH:0
DA:3,2
DA:14,2
LF:2
LH:2
BRF:0
BRH:0
end_of_record
TN:
SF:/Users/suphaphong/superscores-ts/src/configuration/environment.ts
FNF:0
FNH:0
DA:2,2
DA:3,2
DA:4,2
DA:7,2
DA:8,2
LF:5
LH:5
BRF:0
BRH:0
end_of_record
TN:
SF:/Users/suphaphong/superscores-ts/src/configuration/index.ts
FNF:0
FNH:0
DA:1,2
DA:2,2
DA:3,2
DA:4,2
DA:5,2
DA:8,2
DA:9,2
DA:13,2
DA:15,0
DA:16,0
DA:18,0
DA:19,0
DA:21,2
DA:24,2
LF:14
LH:10
BRDA:8,0,0,2
BRDA:8,0,1,0
BRDA:9,1,0,2
BRDA:9,1,1,2
BRDA:14,2,0,0
BRDA:14,2,1,0
BRDA:14,2,2,2
BRF:7
BRH:4
end_of_record
TN:
SF:/Users/suphaphong/superscores-ts/src/controller/base.ts
FN:9,(anonymous_0)
FN:13,(anonymous_2)
FN:17,(anonymous_3)
FN:21,(anonymous_4)
FN:30,(anonymous_5)
FN:34,(anonymous_6)
FN:38,(anonymous_7)
FN:46,(anonymous_8)
FNF:8
FNH:3
FNDA:6,(anonymous_0)
FNDA:0,(anonymous_2)
FNDA:0,(anonymous_3)
FNDA:0,(anonymous_4)
FNDA:0,(anonymous_5)
FNDA:2,(anonymous_6)
FNDA:2,(anonymous_7)
FNDA:0,(anonymous_8)
DA:2,2
DA:4,2
DA:9,2
DA:10,2
DA:11,2
DA:13,2
DA:14,0
DA:17,2
DA:18,0
DA:21,2
DA:22,0
DA:23,0
DA:25,0
DA:26,0
DA:30,2
DA:31,0
DA:34,2
DA:35,2
DA:38,2
DA:40,2
DA:42,2
DA:43,2
DA:44,2
DA:46,2
DA:47,0
DA:48,0
DA:49,0
DA:51,0
DA:89,2
LF:29
LH:18
BRDA:22,0,0,0
BRDA:22,0,1,0
BRDA:26,1,0,0
BRDA:26,1,1,0
BRDA:31,2,0,0
BRDA:31,2,1,0
BRDA:40,3,0,0
BRDA:40,3,1,2
BRDA:40,4,0,2
BRDA:40,4,1,2
BRDA:42,5,0,0
BRDA:42,5,1,2
BRDA:42,6,0,2
BRDA:42,6,1,2
BRDA:48,7,0,0
BRDA:48,7,1,0
BRDA:48,8,0,0
BRDA:48,8,1,0
BRF:18
BRH:6
end_of_record
TN:
SF:/Users/suphaphong/superscores-ts/src/controller/index.ts
FN:4,(anonymous_0)
FNF:1
FNH:1
FNDA:2,(anonymous_0)
DA:2,2
DA:4,2
DA:5,2
DA:7,2
LF:4
LH:4
BRF:0
BRH:0
end_of_record
TN:
SF:/Users/suphaphong/superscores-ts/src/controller/v1.0/home.ts
FN:7,(anonymous_6)
FN:6,HomeController
FN:8,(anonymous_8)
FN:14,(anonymous_9)
FNF:4
FNH:4
FNDA:2,(anonymous_6)
FNDA:2,HomeController
FNDA:1,(anonymous_8)
FNDA:4,(anonymous_9)
DA:1,2
DA:3,2
DA:4,2
DA:6,2
DA:7,2
DA:8,2
DA:9,1
DA:10,1
DA:11,1
DA:14,2
DA:15,4
DA:17,4
DA:19,4
DA:21,2
LF:14
LH:14
BRDA:6,0,0,2
BRDA:6,0,1,2
BRDA:6,0,2,2
BRF:3
BRH:3
end_of_record
TN:
SF:/Users/suphaphong/superscores-ts/src/controller/v1.0/index.ts
FN:13,configure
FNF:1
FNH:1
FNDA:4,configure
DA:2,2
DA:3,2
DA:4,2
DA:5,2
DA:13,2
DA:14,4
DA:15,4
DA:16,4
DA:17,4
DA:18,4
DA:19,4
LF:11
LH:11
BRF:0
BRH:0
end_of_record
TN:
SF:/Users/suphaphong/superscores-ts/src/controller/v1.0/user.ts
FN:7,(anonymous_19)
FN:8,UserController
FN:11,(anonymous_21)
FN:20,(anonymous_24)
FNF:4
FNH:4
FNDA:2,(anonymous_19)
FNDA:2,UserController
FNDA:1,(anonymous_21)
FNDA:4,(anonymous_24)
DA:1,2
DA:2,2
DA:3,2
DA:4,2
DA:7,2
DA:8,2
DA:9,2
DA:11,2
DA:15,1
DA:16,1
DA:17,1
DA:20,2
DA:21,4
DA:22,4
DA:23,4
DA:25,2
LF:16
LH:16
BRDA:9,0,0,2
BRDA:9,0,1,2
BRDA:8,1,0,2
BRDA:8,1,1,0
BRDA:8,2,0,2
BRF:5
BRH:4
end_of_record
TN:
SF:/Users/suphaphong/superscores-ts/src/database/entity/base.ts
FN:3,(anonymous_2)
FNF:1
FNH:1
FNDA:3,(anonymous_2)
DA:1,2
DA:3,2
DA:5,2
DA:7,2
DA:8,2
LF:5
LH:5
BRF:0
BRH:0
end_of_record
TN:
SF:/Users/suphaphong/superscores-ts/src/database/entity/user.ts
FN:5,(anonymous_7)
FNF:1
FNH:1
FNDA:3,(anonymous_7)
DA:1,2
DA:2,2
DA:5,2
DA:7,2
DA:9,2
DA:11,2
DA:13,2
DA:15,2
DA:17,2
DA:19,2
DA:20,2
LF:11
LH:11
BRF:0
BRH:0
end_of_record
TN:
SF:/Users/suphaphong/superscores-ts/src/database/repository/user.ts
FN:8,(anonymous_6)
FN:6,UserRepository
FN:9,(anonymous_8)
FNF:3
FNH:3
FNDA:2,(anonymous_6)
FNDA:3,UserRepository
FNDA:1,(anonymous_8)
DA:1,2
DA:2,2
DA:3,2
DA:6,3
DA:8,2
DA:9,3
DA:10,1
DA:12,2
LF:8
LH:8
BRDA:6,0,0,3
BRDA:6,0,1,3
BRDA:6,0,2,3
BRF:3
BRH:3
end_of_record
TN:
SF:/Users/suphaphong/superscores-ts/src/helper/date.ts
FN:9,(anonymous_0)
FN:10,(anonymous_2)
FN:14,(anonymous_3)
FN:19,(anonymous_4)
FN:23,(anonymous_5)
FNF:5
FNH:4
FNDA:3,(anonymous_0)
FNDA:2,(anonymous_2)
FNDA:2,(anonymous_3)
FNDA:0,(anonymous_4)
FNDA:1,(anonymous_5)
DA:1,3
DA:9,3
DA:10,3
DA:11,2
DA:14,3
DA:15,2
DA:16,2
DA:19,3
DA:20,0
DA:23,3
DA:24,1
DA:26,3
LF:12
LH:11
BRDA:24,0,0,1
BRDA:24,0,1,0
BRF:2
BRH:1
end_of_record
TN:
SF:/Users/suphaphong/superscores-ts/src/helper/error.ts
FN:30,(anonymous_5)
FN:31,CustomError
FN:36,(anonymous_7)
FNF:3
FNH:1
FNDA:2,(anonymous_5)
FNDA:0,CustomError
FNDA:0,(anonymous_7)
DA:1,2
DA:2,2
DA:3,2
DA:4,2
DA:5,2
DA:30,2
DA:31,0
DA:32,0
DA:33,0
DA:36,2
DA:37,0
DA:39,2
LF:12
LH:8
BRDA:32,0,0,0
BRDA:32,0,1,0
BRF:2
BRH:0
end_of_record
TN:
SF:/Users/suphaphong/superscores-ts/src/helper/index.ts
FNF:0
FNH:0
DA:1,2
LF:1
LH:1
BRF:0
BRH:0
end_of_record
TN:
SF:/Users/suphaphong/superscores-ts/src/middleware/error.ts
FN:6,(anonymous_0)
FNF:1
FNH:0
FNDA:0,(anonymous_0)
DA:3,2
DA:5,2
DA:7,0
DA:8,0
DA:9,0
DA:11,0
DA:12,0
DA:13,0
DA:14,0
DA:15,0
LF:10
LH:2
BRDA:7,0,0,0
BRDA:7,0,1,0
BRF:2
BRH:0
end_of_record
TN:
SF:/Users/suphaphong/superscores-ts/src/middleware/index.ts
FN:12,(anonymous_0)
FNF:1
FNH:1
FNDA:2,(anonymous_0)
DA:1,2
DA:2,2
DA:3,2
DA:6,2
DA:9,2
DA:10,2
DA:12,2
DA:13,2
DA:14,2
DA:15,2
DA:16,2
DA:17,2
LF:12
LH:12
BRF:0
BRH:0
end_of_record
TN:
SF:/Users/suphaphong/superscores-ts/src/middleware/not-found.ts
FN:6,(anonymous_0)
FNF:1
FNH:0
FNDA:0,(anonymous_0)
DA:3,2
DA:5,2
DA:7,0
DA:8,0
LF:4
LH:2
BRF:0
BRH:0
end_of_record
TN:
SF:/Users/suphaphong/superscores-ts/src/service/user.ts
FN:7,(anonymous_4)
FN:8,UserService
FN:9,(anonymous_6)
FNF:3
FNH:3
FNDA:2,(anonymous_4)
FNDA:3,UserService
FNDA:1,(anonymous_6)
DA:1,2
DA:3,2
DA:4,2
DA:7,2
DA:8,3
DA:9,2
DA:10,1
DA:12,2
LF:8
LH:8
BRDA:8,0,0,2
BRDA:8,0,1,0
BRDA:8,1,0,2
BRF:3
BRH:2
end_of_record
